2026-06-23 01:36:39.680 [SpringApplicationShutdownHook] INFO  o.s.o.j.LocalContainerEntityManagerFactoryBean - Closing JPA EntityManagerFactory for persistence unit 'default'
2026-06-23 01:36:39.687 [SpringApplicationShutdownHook] INFO  com.zaxxer.hikari.HikariDataSource - HikariPool-1 - Shutdown initiated...
2026-06-23 01:36:39.693 [SpringApplicationShutdownHook] INFO  com.zaxxer.hikari.HikariDataSource - HikariPool-1 - Shutdown completed.
2026-06-23 01:36:42.346 [restartedMain] INFO  c.pict.journalApp.JournalApplication - Starting JournalApplication using Java 25.0.2 with PID 14924 (C:\Users\Shreyas Chavan\Desktop\Coding, I guess\Java\journalApp\target\classes started by Shreyas Chavan in C:\Users\Shreyas Chavan\Desktop\Coding, I guess\Java\journalApp)
2026-06-23 01:36:42.348 [restartedMain] INFO  c.pict.journalApp.JournalApplication - No active profile set, falling back to 1 default profile: "default"
2026-06-23 01:36:42.382 [restartedMain] INFO  o.s.b.d.e.DevToolsPropertyDefaultsPostProcessor - Devtools property defaults active! Set 'spring.devtools.add-properties' to 'false' to disable
2026-06-23 01:36:42.382 [restartedMain] INFO  o.s.b.d.e.DevToolsPropertyDefaultsPostProcessor - For additional web related logging consider setting the 'logging.level.web' property to 'DEBUG'
2026-06-23 01:36:42.794 [restartedMain] INFO  o.s.d.r.c.RepositoryConfigurationDelegate - Bootstrapping Spring Data JPA repositories in DEFAULT mode.
2026-06-23 01:36:42.833 [restartedMain] INFO  o.s.d.r.c.RepositoryConfigurationDelegate - Finished Spring Data repository scanning in 33 ms. Found 2 JPA repository interfaces.
2026-06-23 01:36:43.170 [restartedMain] INFO  o.s.b.w.e.tomcat.TomcatWebServer - Tomcat initialized with port 8080 (http)
2026-06-23 01:36:43.176 [restartedMain] INFO  o.a.coyote.http11.Http11NioProtocol - Initializing ProtocolHandler ["http-nio-8080"]
2026-06-23 01:36:43.178 [restartedMain] INFO  o.a.catalina.core.StandardService - Starting service [Tomcat]
2026-06-23 01:36:43.179 [restartedMain] INFO  o.a.catalina.core.StandardEngine - Starting Servlet engine: [Apache Tomcat/10.1.20]
2026-06-23 01:36:43.210 [restartedMain] INFO  o.a.c.c.C.[Tomcat].[localhost].[/] - Initializing Spring embedded WebApplicationContext
2026-06-23 01:36:43.210 [restartedMain] INFO  o.s.b.w.s.c.ServletWebServerApplicationContext - Root WebApplicationContext: initialization completed in 827 ms
2026-06-23 01:36:43.316 [restartedMain] INFO  o.h.jpa.internal.util.LogHelper - HHH000204: Processing PersistenceUnitInfo [name: default]
2026-06-23 01:36:43.348 [restartedMain] INFO  org.hibernate.Version - HHH000412: Hibernate ORM core version 6.4.4.Final
2026-06-23 01:36:43.367 [restartedMain] INFO  o.h.c.i.RegionFactoryInitiator - HHH000026: Second-level cache disabled
2026-06-23 01:36:43.513 [restartedMain] INFO  o.s.o.j.p.SpringPersistenceUnitInfo - No LoadTimeWeaver setup: ignoring JPA class transformer
2026-06-23 01:36:43.533 [restartedMain] INFO  com.zaxxer.hikari.HikariDataSource - HikariPool-1 - Starting...
2026-06-23 01:36:43.776 [restartedMain] INFO  com.zaxxer.hikari.pool.HikariPool - HikariPool-1 - Added connection com.mysql.cj.jdbc.ConnectionImpl@67f4fcc3
2026-06-23 01:36:43.777 [restartedMain] INFO  com.zaxxer.hikari.HikariDataSource - HikariPool-1 - Start completed.
2026-06-23 01:36:43.808 [restartedMain] WARN  org.hibernate.orm.deprecation - HHH90000025: MySQLDialect does not need to be specified explicitly using 'hibernate.dialect' (remove the property setting and it will be selected by default)
2026-06-23 01:36:44.393 [restartedMain] INFO  o.h.e.t.j.p.i.JtaPlatformInitiator - HHH000489: No JTA platform available (set 'hibernate.transaction.jta.platform' to enable JTA platform integration)
2026-06-23 01:36:44.441 [restartedMain] INFO  o.s.o.j.LocalContainerEntityManagerFactoryBean - Initialized JPA EntityManagerFactory for persistence unit 'default'
2026-06-23 01:36:44.648 [restartedMain] INFO  o.s.d.j.r.query.QueryEnhancerFactory - Hibernate is in classpath; If applicable, HQL parser will be used.
2026-06-23 01:36:44.848 [restartedMain] WARN  o.s.b.a.o.j.JpaBaseConfiguration$JpaWebConfiguration - spring.jpa.open-in-view is enabled by default. Therefore, database queries may be performed during view rendering. Explicitly configure spring.jpa.open-in-view to disable this warning
2026-06-23 01:36:45.025 [restartedMain] INFO  o.s.s.web.DefaultSecurityFilterChain - Will secure any request with [org.springframework.security.web.session.DisableEncodeUrlFilter@163d250a, org.springframework.security.web.context.request.async.WebAsyncManagerIntegrationFilter@3a947ebb, org.springframework.security.web.context.SecurityContextHolderFilter@72aa58b0, org.springframework.security.web.header.HeaderWriterFilter@3d090184, org.springframework.web.filter.CorsFilter@37e8318b, org.springframework.security.web.authentication.logout.LogoutFilter@1e4f5277, org.springframework.security.web.authentication.www.BasicAuthenticationFilter@8e49c3a, org.springframework.security.web.savedrequest.RequestCacheAwareFilter@4272fd66, org.springframework.security.web.servletapi.SecurityContextHolderAwareRequestFilter@729dac51, org.springframework.security.web.authentication.AnonymousAuthenticationFilter@64061e16, org.springframework.security.web.access.ExceptionTranslationFilter@72948ac5, org.springframework.security.web.access.intercept.AuthorizationFilter@2fc67aae]
2026-06-23 01:36:45.148 [restartedMain] INFO  o.s.b.d.a.OptionalLiveReloadServer - LiveReload server is running on port 35729
2026-06-23 01:36:45.155 [restartedMain] INFO  o.a.coyote.http11.Http11NioProtocol - Starting ProtocolHandler ["http-nio-8080"]
2026-06-23 01:36:45.167 [restartedMain] INFO  o.s.b.w.e.tomcat.TomcatWebServer - Tomcat started on port 8080 (http) with context path ''
2026-06-23 01:36:45.172 [restartedMain] INFO  c.pict.journalApp.JournalApplication - Started JournalApplication in 3.085 seconds (process running for 3.477)
2026-06-23 01:36:51.440 [http-nio-8080-exec-2] INFO  o.a.c.c.C.[Tomcat].[localhost].[/] - Initializing Spring DispatcherServlet 'dispatcherServlet'
2026-06-23 01:36:51.443 [http-nio-8080-exec-2] INFO  o.s.web.servlet.DispatcherServlet - Initializing Servlet 'dispatcherServlet'
2026-06-23 01:36:51.445 [http-nio-8080-exec-2] INFO  o.s.web.servlet.DispatcherServlet - Completed initialization in 1 ms
2026-06-23 01:36:52.256 [http-nio-8080-exec-2] WARN  o.s.w.s.m.s.DefaultHandlerExceptionResolver - Resolved [org.springframework.http.converter.HttpMessageNotReadableException: JSON parse error: Unexpected character ('a' (code 97)): was expecting comma to separate Object entries]
